<?xml version="1.0" encoding="UTF-8"?>
<!-- Generated by org.testng.reporters.JUnitXMLReporter -->
<testsuite hostname="DESKTOP-0LA5ULN" ignored="0" name="HubSpot App test" tests="3" failures="0" timestamp="10 Jun 2020 09:30:22 GMT" time="47.306" errors="0">
  <testcase name="verifySignUpLinkTest" time="5.666" classname="com.qa.hubspot.tests.LoginPageTest"/>
  <testcase name="verifyLoginPageTitleTest" time="0.064" classname="com.qa.hubspot.tests.LoginPageTest"/>
  <testcase name="loginTest" time="5.519" classname="com.qa.hubspot.tests.LoginPageTest"/>
</testsuite> <!-- HubSpot App test -->
