<?xml version="1.0" encoding="UTF-8"?>
<!-- Generated by org.testng.reporters.JUnitXMLReporter -->
<testsuite hostname="DESKTOP-0LA5ULN" ignored="0" name="HubSpot App test" tests="3" failures="0" timestamp="10 Jun 2020 10:44:01 GMT" time="16.479" errors="0">
  <testcase name="verifySignUpLinkTest" time="5.127" classname="com.qa.hubspot.tests.LoginPageTest"/>
  <testcase name="verifyLoginPageTitleTest" time="0.15" classname="com.qa.hubspot.tests.LoginPageTest"/>
  <testcase name="loginTest" time="1.086" classname="com.qa.hubspot.tests.LoginPageTest"/>
</testsuite> <!-- HubSpot App test -->
