<?xml version="1.0" encoding="UTF-8"?>
<testng-results skipped="0" failed="0" ignored="0" total="3" passed="3">
  <reporter-output>
  </reporter-output>
  <suite name="Hub spot Test automtion regression suite" duration-ms="16479" started-at="2020-06-10T10:43:44Z" finished-at="2020-06-10T10:44:01Z">
    <groups>
    </groups>
    <test name="HubSpot App test" duration-ms="16479" started-at="2020-06-10T10:43:44Z" finished-at="2020-06-10T10:44:01Z">
      <class name="com.qa.hubspot.tests.LoginPageTest">
        <test-method status="PASS" signature="setUp()[pri:0, instance:com.qa.hubspot.tests.LoginPageTest@7668d560]" name="setUp" is-config="true" duration-ms="8750" started-at="2020-06-10T10:43:45Z" finished-at="2020-06-10T10:43:53Z">
          <reporter-output>
          </reporter-output>
        </test-method> <!-- setUp -->
        <test-method status="PASS" signature="verifySignUpLinkTest()[pri:1, instance:com.qa.hubspot.tests.LoginPageTest@7668d560]" name="verifySignUpLinkTest" duration-ms="5127" started-at="2020-06-10T10:43:53Z" finished-at="2020-06-10T10:43:58Z">
          <reporter-output>
          </reporter-output>
        </test-method> <!-- verifySignUpLinkTest -->
        <test-method status="PASS" signature="verifyLoginPageTitleTest()[pri:2, instance:com.qa.hubspot.tests.LoginPageTest@7668d560]" name="verifyLoginPageTitleTest" duration-ms="150" started-at="2020-06-10T10:43:59Z" finished-at="2020-06-10T10:43:59Z">
          <reporter-output>
          </reporter-output>
        </test-method> <!-- verifyLoginPageTitleTest -->
        <test-method status="PASS" signature="loginTest()[pri:3, instance:com.qa.hubspot.tests.LoginPageTest@7668d560]" name="loginTest" duration-ms="1086" started-at="2020-06-10T10:43:59Z" finished-at="2020-06-10T10:44:00Z">
          <reporter-output>
          </reporter-output>
        </test-method> <!-- loginTest -->
        <test-method status="PASS" signature="tearDown()[pri:0, instance:com.qa.hubspot.tests.LoginPageTest@7668d560]" name="tearDown" is-config="true" duration-ms="849" started-at="2020-06-10T10:44:00Z" finished-at="2020-06-10T10:44:01Z">
          <reporter-output>
          </reporter-output>
        </test-method> <!-- tearDown -->
      </class> <!-- com.qa.hubspot.tests.LoginPageTest -->
    </test> <!-- HubSpot App test -->
  </suite> <!-- Hub spot Test automtion regression suite -->
</testng-results>
