<?xml version="1.0" encoding="UTF-8"?>
<testng-results skipped="0" failed="0" ignored="0" total="3" passed="3">
  <reporter-output>
  </reporter-output>
  <suite name="Hub spot Test automtion regression suite" duration-ms="47306" started-at="2020-06-10T09:29:35Z" finished-at="2020-06-10T09:30:22Z">
    <groups>
    </groups>
    <test name="HubSpot App test" duration-ms="47306" started-at="2020-06-10T09:29:35Z" finished-at="2020-06-10T09:30:22Z">
      <class name="com.qa.hubspot.tests.LoginPageTest">
        <test-method status="PASS" signature="setUp()[pri:0, instance:com.qa.hubspot.tests.LoginPageTest@42c2f48c]" name="setUp" is-config="true" duration-ms="30008" started-at="2020-06-10T09:29:35Z" finished-at="2020-06-10T09:30:05Z">
          <reporter-output>
          </reporter-output>
        </test-method> <!-- setUp -->
        <test-method status="PASS" signature="verifySignUpLinkTest()[pri:1, instance:com.qa.hubspot.tests.LoginPageTest@42c2f48c]" name="verifySignUpLinkTest" duration-ms="5666" started-at="2020-06-10T09:30:05Z" finished-at="2020-06-10T09:30:11Z">
          <reporter-output>
          </reporter-output>
        </test-method> <!-- verifySignUpLinkTest -->
        <test-method status="PASS" signature="verifyLoginPageTitleTest()[pri:2, instance:com.qa.hubspot.tests.LoginPageTest@42c2f48c]" name="verifyLoginPageTitleTest" duration-ms="64" started-at="2020-06-10T09:30:12Z" finished-at="2020-06-10T09:30:12Z">
          <reporter-output>
          </reporter-output>
        </test-method> <!-- verifyLoginPageTitleTest -->
        <test-method status="PASS" signature="loginTest()[pri:3, instance:com.qa.hubspot.tests.LoginPageTest@42c2f48c]" name="loginTest" duration-ms="5519" started-at="2020-06-10T09:30:12Z" finished-at="2020-06-10T09:30:17Z">
          <reporter-output>
          </reporter-output>
        </test-method> <!-- loginTest -->
        <test-method status="PASS" signature="tearDown()[pri:0, instance:com.qa.hubspot.tests.LoginPageTest@42c2f48c]" name="tearDown" is-config="true" duration-ms="5105" started-at="2020-06-10T09:30:17Z" finished-at="2020-06-10T09:30:22Z">
          <reporter-output>
          </reporter-output>
        </test-method> <!-- tearDown -->
      </class> <!-- com.qa.hubspot.tests.LoginPageTest -->
    </test> <!-- HubSpot App test -->
  </suite> <!-- Hub spot Test automtion regression suite -->
</testng-results>
